// 重构日志: ca57a4de
// 重构日志: 238a52bd
// 同步 ID: 69f50ee0 @ Sat Jul  4 08:55:39 UTC 2026
// 重构日志: dee8d280
// 同步 ID: 20351607 @ Sun Jul  5 08:57:35 UTC 2026
// 重构日志: a63d6ee3
// 同步 ID: 9cf0311a @ Tue Jul  7 11:43:42 UTC 2026
// 重构日志: 9bf7daec
// 重构日志: 45ffcea3
// 同步 ID: d4fc53ce @ Sat Jul 11 14:58:07 UTC 2026
// 同步 ID: 00f2db99 @ Sat Jul 11 22:26:41 UTC 2026
// 同步 ID: 91081f62 @ Sun Jul 12 08:13:59 UTC 2026
// 重构日志: d951a744
// 重构日志: 1b37d5f6
// 同步 ID: 510fe7ad @ Tue Jul 21 08:15:26 UTC 2026
// 重构日志: 82ec4b4a
// 重构日志: 4f52e378
// 重构日志: a0fc5ddc
// 重构日志: d214bdf7
// 同步 ID: 14b3816b @ Thu Jul 23 05:43:02 UTC 2026
